   1              		.file	"jaricom.c"
   2              		.text
   3              	.Ltext0:
   4              		.globl	jpeg_aritab
   5              		.section	.rodata.jpeg_aritab,"a"
   6              		.align 32
   9              	jpeg_aritab:
  10 0000 81011D5A 		.quad	1511850369
  10      00000000 
  11 0008 0E028625 		.quad	629539342
  11      00000000 
  12 0010 10031411 		.quad	286524176
  12      00000000 
  13 0018 12040B08 		.quad	134939666
  13      00000000 
  14 0020 1405D803 		.quad	64488724
  14      00000000 
  15 0028 1706DA01 		.quad	31065623
  15      00000000 
  16 0030 1907E500 		.quad	15009561
  16      00000000 
  17 0038 1C086F00 		.quad	7276572
  17      00000000 
  18 0040 1E093600 		.quad	3541278
  18      00000000 
  19 0048 210A1A00 		.quad	1706529
  19      00000000 
  20 0050 230B0D00 		.quad	854819
  20      00000000 
  21 0058 090C0600 		.quad	396297
  21      00000000 
  22 0060 0A0D0300 		.quad	199946
  22      00000000 
  23 0068 0C0D0100 		.quad	68876
  23      00000000 
  24 0070 8F0F7F5A 		.quad	1518276495
  24      00000000 
  25 0078 2410253F 		.quad	1059393572
  25      00000000 
  26 0080 2611F22C 		.quad	754061606
  26      00000000 
  27 0088 27127C20 		.quad	545002023
  27      00000000 
  28 0090 2813B917 		.quad	398005032
  28      00000000 
  29 0098 2A148211 		.quad	293737514
  29      00000000 
  30 00a0 2B15EF0C 		.quad	216995115
  30      00000000 
  31 00a8 2D16A109 		.quad	161551917
  31      00000000 
  32 00b0 2E172F07 		.quad	120526638
  32      00000000 
  33 00b8 30185C05 		.quad	89921584
  33      00000000 
  34 00c0 31190604 		.quad	67508529
  34      00000000 
  35 00c8 331A0303 		.quad	50534963
  35      00000000 
  36 00d0 341B4002 		.quad	37755700
  36      00000000 
  37 00d8 361CB101 		.quad	28384310
  37      00000000 
  38 00e0 381D4401 		.quad	21241144
  38      00000000 
  39 00e8 391EF500 		.quad	16064057
  39      00000000 
  40 00f0 3B1FB700 		.quad	12001083
  40      00000000 
  41 00f8 3C208A00 		.quad	9052220
  41      00000000 
  42 0100 3E216800 		.quad	6824254
  42      00000000 
  43 0108 3F224E00 		.quad	5120575
  43      00000000 
  44 0110 20233B00 		.quad	3875616
  44      00000000 
  45 0118 21092C00 		.quad	2885921
  45      00000000 
  46 0120 A525E15A 		.quad	1524704677
  46      00000000 
  47 0128 40264C48 		.quad	1212950080
  47      00000000 
  48 0130 41270D3A 		.quad	973940545
  48      00000000 
  49 0138 4328F12E 		.quad	787556419
  49      00000000 
  50 0140 44291F26 		.quad	639576388
  50      00000000 
  51 0148 452A331F 		.quad	523446853
  51      00000000 
  52 0150 462BA819 		.quad	430451526
  52      00000000 
  53 0158 482C1815 		.quad	353905736
  53      00000000 
  54 0160 492D7711 		.quad	293023049
  54      00000000 
  55 0168 4A2E740E 		.quad	242495050
  55      00000000 
  56 0170 4B2FFB0B 		.quad	201011019
  56      00000000 
  57 0178 4D30F809 		.quad	167260237
  57      00000000 
  58 0180 4E316108 		.quad	140587342
  58      00000000 
  59 0188 4F320607 		.quad	117846607
  59      00000000 
  60 0190 3033CD05 		.quad	97334064
  60      00000000 
  61 0198 3234DE04 		.quad	81671218
  61      00000000 
  62 01a0 32350F04 		.quad	68105522
  62      00000000 
  63 01a8 33366303 		.quad	56833587
  63      00000000 
  64 01b0 3437D402 		.quad	47462196
  64      00000000 
  65 01b8 35385C02 		.quad	39598133
  65      00000000 
  66 01c0 3639F801 		.quad	33044790
  66      00000000 
  67 01c8 373AA401 		.quad	27540023
  67      00000000 
  68 01d0 383B6001 		.quad	23083832
  68      00000000 
  69 01d8 393C2501 		.quad	19217465
  69      00000000 
  70 01e0 3A3DF600 		.quad	16137530
  70      00000000 
  71 01e8 3B3ECB00 		.quad	13319739
  71      00000000 
  72 01f0 3D3FAB00 		.quad	11222845
  72      00000000 
  73 01f8 3D208F00 		.quad	9379901
  73      00000000 
  74 0200 C141125B 		.quad	1527923137
  74      00000000 
  75 0208 5042044D 		.quad	1292124752
  75      00000000 
  76 0210 51432C41 		.quad	1093419857
  76      00000000 
  77 0218 5244D837 		.quad	936920146
  77      00000000 
  78 0220 5345E82F 		.quad	803751251
  78      00000000 
  79 0228 54463C29 		.quad	691816020
  79      00000000 
  80 0230 56477923 		.quad	595150678
  80      00000000 
  81 0238 5748DF1E 		.quad	517949527
  81      00000000 
  82 0240 5749A91A 		.quad	447301975
  82      00000000 
  83 0248 484A4E17 		.quad	391006792
  83      00000000 
  84 0250 484B2414 		.quad	337922888
  84      00000000 
  85 0258 4A4C9C11 		.quad	295455818
  85      00000000 
  86 0260 4A4D6B0F 		.quad	258690378
  86      00000000 
  87 0268 4B4E510D 		.quad	223432267
  87      00000000 
  88 0270 4D4FB60B 		.quad	196497229
  88      00000000 
  89 0278 4D30400A 		.quad	171978829
  89      00000000 
  90 0280 D0513258 		.quad	1479692752
  90      00000000 
  91 0288 58521C4D 		.quad	1293701720
  91      00000000 
  92 0290 59538E43 		.quad	1133400921
  92      00000000 
  93 0298 5A54DD3B 		.quad	1004360794
  93      00000000 
  94 02a0 5B55EE34 		.quad	888034651
  94      00000000 
  95 02a8 5C56AE2E 		.quad	783177308
  95      00000000 
  96 02b0 5D579A29 		.quad	697980765
  96      00000000 
  97 02b8 56471625 		.quad	622217046
  97      00000000 
  98 02c0 D8597055 		.quad	1433426392
  98      00000000 
  99 02c8 5F5AA94C 		.quad	1286167135
  99      00000000 
 100 02d0 605BD944 		.quad	1155095392
 100      00000000 
 101 02d8 615C223E 		.quad	1042439265
 101      00000000 
 102 02e0 635D2438 		.quad	941907299
 102      00000000 
 103 02e8 635EB432 		.quad	850681443
 103      00000000 
 104 02f0 5D56172E 		.quad	773281373
 104      00000000 
 105 02f8 DF60A856 		.quad	1453875423
 105      00000000 
 106 0300 6561464F 		.quad	1330012517
 106      00000000 
 107 0308 6662E547 		.quad	1206215270
 107      00000000 
 108 0310 6763CF41 		.quad	1104110439
 108      00000000 
 109 0318 68643D3C 		.quad	1010656360
 109      00000000 
 110 0320 635D5E37 		.quad	928931171
 110      00000000 
 111 0328 69663152 		.quad	1378969193
 111      00000000 
 112 0330 6A670F4C 		.quad	1276077930
 112      00000000 
 113 0338 6B683946 		.quad	1178167403
 113      00000000 
 114 0340 67635E41 		.quad	1096704871
 114      00000000 
 115 0348 E96A2756 		.quad	1445423849
 115      00000000 
 116 0350 6C6BE750 		.quad	1357343596
 116      00000000 
 117 0358 6D67854B 		.quad	1267033965
 117      00000000 
 118 0360 6E6D9755 		.quad	1435987310
 118      00000000 
 119 0368 6F6B4F50 		.quad	1347382127
 119      00000000 
 120 0370 EE6F105A 		.quad	1511026670
 120      00000000 
 121 0378 706D2255 		.quad	1428319600
 121      00000000 
 122 0380 F06FEB59 		.quad	1508601840
 122      00000000 
 123 0388 71711D5A 		.quad	1511879025
 123      00000000 
 124              		.text
 125              	.Letext0:
 126              		.file 1 "/usr/lib/gcc/x86_64-linux-gnu/9/include/stddef.h"
 127              		.file 2 "/usr/include/x86_64-linux-gnu/bits/types.h"
 128              		.file 3 "/usr/include/x86_64-linux-gnu/bits/types/struct_FILE.h"
 129              		.file 4 "/usr/include/x86_64-linux-gnu/bits/types/FILE.h"
 130              		.file 5 "/usr/include/stdio.h"
 131              		.file 6 "/usr/include/x86_64-linux-gnu/bits/sys_errlist.h"
 132              		.file 7 "fltk-1.3.4-1/jpeg/jmorecfg.h"
 133              		.file 8 "fltk-1.3.4-1/jpeg/jpegint.h"
 134              		.file 9 "fltk-1.3.4-1/jpeg/jaricom.c"
 6752              		.section	.note.gnu.property,"a"
 6753              		.align 8
 6754 0000 04000000 		.long	 1f - 0f
 6755 0004 10000000 		.long	 4f - 1f
 6756 0008 05000000 		.long	 5
 6757              	0:
 6758 000c 474E5500 		.string	 "GNU"
 6759              	1:
 6760              		.align 8
 6761 0010 020000C0 		.long	 0xc0000002
 6762 0014 04000000 		.long	 3f - 2f
 6763              	2:
 6764 0018 03000000 		.long	 0x3
 6765              	3:
 6766 001c 00000000 		.align 8
 6767              	4:
DEFINED SYMBOLS
                            *ABS*:0000000000000000 jaricom.c
     /tmp/cc5ubeih.s:9      .rodata.jpeg_aritab:0000000000000000 jpeg_aritab
                           .group:0000000000000000 wm4.0.a6b23a418548ac0bda5d8549c4a2ec91
                           .group:0000000000000000 wm4.stdcpredef.h.19.8dc41bed5d9037ff9622e015fb5f0ce3
                           .group:0000000000000000 wm4.jconfig.h.10.247fc3ff67998f3074970b1373c70333
                           .group:0000000000000000 wm4.features.h.19.5b5f5a19624a0527f479fdc52d54808f
                           .group:0000000000000000 wm4.cdefs.h.19.98d80eddbb3f64f4f30cd9aee9c5593c
                           .group:0000000000000000 wm4.wordsize.h.4.baf119258a1e53d8dba67ceac44ab6bc
                           .group:0000000000000000 wm4.cdefs.h.475.fb75d2e4416aa349344e6f45f683bf28
                           .group:0000000000000000 wm4.stubs64.h.10.6ce4c34010988db072c080326a6b6319
                           .group:0000000000000000 wm4.libcheaderstart.h.37.d9274df4cc0172452960ad9644fa5579
                           .group:0000000000000000 wm4.stdlib.h.28.2cffa49d94c5d85f4538f55f7b59771d
                           .group:0000000000000000 wm4.stddef.h.181.13772e73e5434e8cc4fafaaddad2b5da
                           .group:0000000000000000 wm4.waitflags.h.25.41934de4af99038521c2782f418699b1
                           .group:0000000000000000 wm4.waitstatus.h.28.93f167f49d64e2b9b99f98d1162a93bf
                           .group:0000000000000000 wm4.stdlib.h.43.9fa4f727a2f1cb8d2450a574c9195553
                           .group:0000000000000000 wm4.floatn.h.20.80c7cf8a8dfad237004b28d051d5afda
                           .group:0000000000000000 wm4.floatncommon.h.34.7e1840d7dfb19e9bdb51aeb077d76637
                           .group:0000000000000000 wm4.stdlib.h.71.2927e068ec678159b4f68ec2f089f7e6
                           .group:0000000000000000 wm4.types.h.109.56eb9ae966b255288cc544f18746a7ff
                           .group:0000000000000000 wm4.typesizes.h.24.2c64f817c0dc4b6fb2a2c619d717be26
                           .group:0000000000000000 wm4.time64.h.24.a8166ae916ec910dab0d8987098d42ee
                           .group:0000000000000000 wm4.types.h.40.18f72bab8242c2bb4c532a2aa95b5f00
                           .group:0000000000000000 wm4.stddef.h.231.0adce5c8c1fd8096aaff50981b3d1f0f
                           .group:0000000000000000 wm4.endian.h.20.efabd1018df5d7b4052c27dc6bdd5ce5
                           .group:0000000000000000 wm4.endianness.h.2.2c6a211f7909f3af5e9e9cfa3b6b63c8
                           .group:0000000000000000 wm4.endian.h.40.9e5d395adda2f4eb53ae69b69b664084
                           .group:0000000000000000 wm4.endian.h.27.4c4f94262c4eaee2982fe00ed1b4f173
                           .group:0000000000000000 wm4.byteswap.h.24.5363c019348146aada5aeadf51456576
                           .group:0000000000000000 wm4.endian.h.39.30a606dbd99b6c3df61c1f06dbdabd4e
                           .group:0000000000000000 wm4.select.h.28.eb2f3debdbcffd1442ebddaebc4fb6ff
                           .group:0000000000000000 wm4.__sigset_t.h.2.6b1ab6ff3d7b8fd9c0c42b0d80afbd80
                           .group:0000000000000000 wm4.select.h.44.887a4ff60aa97fcd9c1be017735e1675
                           .group:0000000000000000 wm4.select2.h.27.f95f2ab0ffee66dc1b6575014894b21a
                           .group:0000000000000000 wm4.types.h.186.489a4ed8f2d29cd358843490f54ddea5
                           .group:0000000000000000 wm4.pthreadtypesarch.h.25.6063cba99664c916e22d3a912bcc348a
                           .group:0000000000000000 wm4.struct_mutex.h.20.ed51f515172b9be99e450ba83eb5dd99
                           .group:0000000000000000 wm4.struct_rwlock.h.21.0254880f2904e3833fb8ae683e0f0330
                           .group:0000000000000000 wm4.alloca.h.19.edefa922a76c1cbaaf1e416903ba2d1c
                           .group:0000000000000000 wm4.alloca.h.29.156e12058824cc23d961c4d3b13031f6
                           .group:0000000000000000 wm4.stdio.h.24.5c1b97eef3c86b7a2549420f69f4f128
                           .group:0000000000000000 wm4.libcheaderstart.h.31.87b3c285aeba93fe355ad19123070832
                           .group:0000000000000000 wm4.stdio.h.31.e39a94e203ad4e1d978c0fc68ce016ee
                           .group:0000000000000000 wm4.stddef.h.231.8136eebbab3406dbf57a7ec475dd5d83
                           .group:0000000000000000 wm4.stdarg.h.34.3a23a216c0c293b3d2ea2e89281481e6
                           .group:0000000000000000 wm4.struct_FILE.h.19.0888ac70396abe1031c03d393554032f
                           .group:0000000000000000 wm4.stdio.h.53.139e45cf040c0964b2932c0c1bdaf6b2
                           .group:0000000000000000 wm4.stdio_lim.h.19.e4b00b560d878dcfbc6635b3406640c5
                           .group:0000000000000000 wm4.stdio.h.141.d7a290e19ca077c9e4aa7c43ede17a73
                           .group:0000000000000000 wm4.stdio.h.20.b0caa08e5723aa5941367be0e5d2ec59
                           .group:0000000000000000 wm4.stdio2.h.20.f45a0373b68e1296c4aa8cc09d66a9df
                           .group:0000000000000000 wm4.string.h.23.93403f89af7dba8212345449bb14b09d
                           .group:0000000000000000 wm4.string.h.31.e39a94e203ad4e1d978c0fc68ce016ee
                           .group:0000000000000000 wm4.strings.h.19.a259f126920b1bb5ef76bc62b3984a3c
                           .group:0000000000000000 wm4.jinclude.h.67.b19f941ec97c4845fa4609292c7e2db4
                           .group:0000000000000000 wm4.jmorecfg.h.33.3b4c5f9cc07b3737823b06caf24d5b05
                           .group:0000000000000000 wm4.jpeglib.h.40.4f111c27252a38df39328d65454e82f4
                           .group:0000000000000000 wm4.jpegint.h.26.5219ef5d4e4921371d38e77b6091fd20
                           .group:0000000000000000 wm4.jerror.h.25.1dbd8674e70ab5215bc0037320e5c2a2

NO UNDEFINED SYMBOLS
